[1.018s] Invoking command in '/home/vboxuser/ros2_ws/src/build/my_robot_controller': AMENT_PREFIX_PATH=/home/vboxuser/ros2_ws/src/install/my_robot_interfaces:${AMENT_PREFIX_PATH} CMAKE_PREFIX_PATH=/home/vboxuser/ros2_ws/src/install/my_robot_interfaces:${CMAKE_PREFIX_PATH} LD_LIBRARY_PATH=/home/vboxuser/ros2_ws/src/install/my_robot_interfaces/lib:${LD_LIBRARY_PATH} PYTHONPATH=/home/vboxuser/ros2_ws/src/build/my_robot_controller/prefix_override:/usr/lib/python3/dist-packages/colcon_core/task/python/colcon_distutils_commands:/home/vboxuser/ros2_ws/src/install/my_robot_controller/lib/python3.10/site-packages:/home/vboxuser/ros2_ws/src/install/my_robot_interfaces/local/lib/python3.10/dist-packages:${PYTHONPATH} /usr/bin/python3 -W ignore:setup.py install is deprecated setup.py develop --uninstall --editable --build-directory /home/vboxuser/ros2_ws/src/build/my_robot_controller/build
[1.343s] running develop
[1.521s] Removing /home/vboxuser/ros2_ws/src/install/my_robot_controller/lib/python3.10/site-packages/my-robot-controller.egg-link (link to .)
[1.552s] Invoked command in '/home/vboxuser/ros2_ws/src/build/my_robot_controller' returned '0': AMENT_PREFIX_PATH=/home/vboxuser/ros2_ws/src/install/my_robot_interfaces:${AMENT_PREFIX_PATH} CMAKE_PREFIX_PATH=/home/vboxuser/ros2_ws/src/install/my_robot_interfaces:${CMAKE_PREFIX_PATH} LD_LIBRARY_PATH=/home/vboxuser/ros2_ws/src/install/my_robot_interfaces/lib:${LD_LIBRARY_PATH} PYTHONPATH=/home/vboxuser/ros2_ws/src/build/my_robot_controller/prefix_override:/usr/lib/python3/dist-packages/colcon_core/task/python/colcon_distutils_commands:/home/vboxuser/ros2_ws/src/install/my_robot_controller/lib/python3.10/site-packages:/home/vboxuser/ros2_ws/src/install/my_robot_interfaces/local/lib/python3.10/dist-packages:${PYTHONPATH} /usr/bin/python3 -W ignore:setup.py install is deprecated setup.py develop --uninstall --editable --build-directory /home/vboxuser/ros2_ws/src/build/my_robot_controller/build
[1.555s] Invoking command in '/home/vboxuser/ros2_ws/src/my_robot_controller': AMENT_PREFIX_PATH=/home/vboxuser/ros2_ws/src/install/my_robot_interfaces:${AMENT_PREFIX_PATH} CMAKE_PREFIX_PATH=/home/vboxuser/ros2_ws/src/install/my_robot_interfaces:${CMAKE_PREFIX_PATH} LD_LIBRARY_PATH=/home/vboxuser/ros2_ws/src/install/my_robot_interfaces/lib:${LD_LIBRARY_PATH} PYTHONPATH=/home/vboxuser/ros2_ws/src/build/my_robot_controller/prefix_override:/usr/lib/python3/dist-packages/colcon_core/task/python/colcon_distutils_commands:/home/vboxuser/ros2_ws/src/install/my_robot_controller/lib/python3.10/site-packages:/home/vboxuser/ros2_ws/src/install/my_robot_interfaces/local/lib/python3.10/dist-packages:${PYTHONPATH} /usr/bin/python3 -W ignore:setup.py install is deprecated setup.py egg_info --egg-base ../build/my_robot_controller build --build-base /home/vboxuser/ros2_ws/src/build/my_robot_controller/build install --record /home/vboxuser/ros2_ws/src/build/my_robot_controller/install.log --single-version-externally-managed install_data --force
[1.813s] running egg_info
[1.816s] writing ../build/my_robot_controller/my_robot_controller.egg-info/PKG-INFO
[1.817s] writing dependency_links to ../build/my_robot_controller/my_robot_controller.egg-info/dependency_links.txt
[1.818s] writing entry points to ../build/my_robot_controller/my_robot_controller.egg-info/entry_points.txt
[1.818s] writing requirements to ../build/my_robot_controller/my_robot_controller.egg-info/requires.txt
[1.818s] writing top-level names to ../build/my_robot_controller/my_robot_controller.egg-info/top_level.txt
[1.819s] reading manifest file '../build/my_robot_controller/my_robot_controller.egg-info/SOURCES.txt'
[1.821s] writing manifest file '../build/my_robot_controller/my_robot_controller.egg-info/SOURCES.txt'
[1.821s] running build
[1.821s] running build_py
[1.821s] copying my_robot_controller/my_second_node.py -> /home/vboxuser/ros2_ws/src/build/my_robot_controller/build/lib/my_robot_controller
[1.823s] copying my_robot_controller/subscriber.py -> /home/vboxuser/ros2_ws/src/build/my_robot_controller/build/lib/my_robot_controller
[1.823s] copying my_robot_controller/my_first_node.py -> /home/vboxuser/ros2_ws/src/build/my_robot_controller/build/lib/my_robot_controller
[1.823s] running install
[1.823s] running install_lib
[1.823s] creating /home/vboxuser/ros2_ws/src/install/my_robot_controller/lib/python3.10/site-packages/my_robot_controller
[1.824s] copying /home/vboxuser/ros2_ws/src/build/my_robot_controller/build/lib/my_robot_controller/my_second_node.py -> /home/vboxuser/ros2_ws/src/install/my_robot_controller/lib/python3.10/site-packages/my_robot_controller
[1.824s] copying /home/vboxuser/ros2_ws/src/build/my_robot_controller/build/lib/my_robot_controller/__init__.py -> /home/vboxuser/ros2_ws/src/install/my_robot_controller/lib/python3.10/site-packages/my_robot_controller
[1.824s] copying /home/vboxuser/ros2_ws/src/build/my_robot_controller/build/lib/my_robot_controller/subscriber.py -> /home/vboxuser/ros2_ws/src/install/my_robot_controller/lib/python3.10/site-packages/my_robot_controller
[1.824s] copying /home/vboxuser/ros2_ws/src/build/my_robot_controller/build/lib/my_robot_controller/my_first_node.py -> /home/vboxuser/ros2_ws/src/install/my_robot_controller/lib/python3.10/site-packages/my_robot_controller
[1.825s] byte-compiling /home/vboxuser/ros2_ws/src/install/my_robot_controller/lib/python3.10/site-packages/my_robot_controller/my_second_node.py to my_second_node.cpython-310.pyc
[1.825s] byte-compiling /home/vboxuser/ros2_ws/src/install/my_robot_controller/lib/python3.10/site-packages/my_robot_controller/__init__.py to __init__.cpython-310.pyc
[1.825s] byte-compiling /home/vboxuser/ros2_ws/src/install/my_robot_controller/lib/python3.10/site-packages/my_robot_controller/subscriber.py to subscriber.cpython-310.pyc
[1.826s] byte-compiling /home/vboxuser/ros2_ws/src/install/my_robot_controller/lib/python3.10/site-packages/my_robot_controller/my_first_node.py to my_first_node.cpython-310.pyc
[1.826s] running install_data
[1.826s] copying resource/my_robot_controller -> /home/vboxuser/ros2_ws/src/install/my_robot_controller/share/ament_index/resource_index/packages
[1.827s] copying package.xml -> /home/vboxuser/ros2_ws/src/install/my_robot_controller/share/my_robot_controller
[1.827s] running install_egg_info
[1.828s] Copying ../build/my_robot_controller/my_robot_controller.egg-info to /home/vboxuser/ros2_ws/src/install/my_robot_controller/lib/python3.10/site-packages/my_robot_controller-0.0.0-py3.10.egg-info
[1.834s] running install_scripts
[1.855s] Installing sub script to /home/vboxuser/ros2_ws/src/install/my_robot_controller/lib/my_robot_controller
[1.855s] Installing temp_publisher script to /home/vboxuser/ros2_ws/src/install/my_robot_controller/lib/my_robot_controller
[1.855s] Installing test_node script to /home/vboxuser/ros2_ws/src/install/my_robot_controller/lib/my_robot_controller
[1.855s] writing list of installed files to '/home/vboxuser/ros2_ws/src/build/my_robot_controller/install.log'
[1.885s] Invoked command in '/home/vboxuser/ros2_ws/src/my_robot_controller' returned '0': AMENT_PREFIX_PATH=/home/vboxuser/ros2_ws/src/install/my_robot_interfaces:${AMENT_PREFIX_PATH} CMAKE_PREFIX_PATH=/home/vboxuser/ros2_ws/src/install/my_robot_interfaces:${CMAKE_PREFIX_PATH} LD_LIBRARY_PATH=/home/vboxuser/ros2_ws/src/install/my_robot_interfaces/lib:${LD_LIBRARY_PATH} PYTHONPATH=/home/vboxuser/ros2_ws/src/build/my_robot_controller/prefix_override:/usr/lib/python3/dist-packages/colcon_core/task/python/colcon_distutils_commands:/home/vboxuser/ros2_ws/src/install/my_robot_controller/lib/python3.10/site-packages:/home/vboxuser/ros2_ws/src/install/my_robot_interfaces/local/lib/python3.10/dist-packages:${PYTHONPATH} /usr/bin/python3 -W ignore:setup.py install is deprecated setup.py egg_info --egg-base ../build/my_robot_controller build --build-base /home/vboxuser/ros2_ws/src/build/my_robot_controller/build install --record /home/vboxuser/ros2_ws/src/build/my_robot_controller/install.log --single-version-externally-managed install_data --force
