[0.770s] Invoking command in '/home/vboxuser/ros2_ws/src/build/my_robot_controller': AMENT_PREFIX_PATH=/home/vboxuser/ros2_ws/src/install/my_robot_interfaces:${AMENT_PREFIX_PATH} CMAKE_PREFIX_PATH=/home/vboxuser/ros2_ws/src/install/my_robot_interfaces:${CMAKE_PREFIX_PATH} LD_LIBRARY_PATH=/home/vboxuser/ros2_ws/src/install/my_robot_interfaces/lib:${LD_LIBRARY_PATH} PYTHONPATH=/home/vboxuser/ros2_ws/src/build/my_robot_controller/prefix_override:/usr/lib/python3/dist-packages/colcon_core/task/python/colcon_distutils_commands:/home/vboxuser/ros2_ws/src/install/my_robot_controller/lib/python3.10/site-packages:/home/vboxuser/ros2_ws/src/install/my_robot_interfaces/local/lib/python3.10/dist-packages:${PYTHONPATH} /usr/bin/python3 -W ignore:setup.py install is deprecated setup.py develop --editable --build-directory /home/vboxuser/ros2_ws/src/build/my_robot_controller/build --no-deps symlink_data --force
[1.046s] running develop
[1.199s] running egg_info
[1.199s] writing my_robot_controller.egg-info/PKG-INFO
[1.199s] writing dependency_links to my_robot_controller.egg-info/dependency_links.txt
[1.200s] writing entry points to my_robot_controller.egg-info/entry_points.txt
[1.200s] writing requirements to my_robot_controller.egg-info/requires.txt
[1.200s] writing top-level names to my_robot_controller.egg-info/top_level.txt
[1.201s] reading manifest file 'my_robot_controller.egg-info/SOURCES.txt'
[1.203s] writing manifest file 'my_robot_controller.egg-info/SOURCES.txt'
[1.209s] running build_ext
[1.209s] Creating /home/vboxuser/ros2_ws/src/install/my_robot_controller/lib/python3.10/site-packages/my-robot-controller.egg-link (link to .)
[1.210s] Installing sub script to /home/vboxuser/ros2_ws/src/install/my_robot_controller/lib/my_robot_controller
[1.210s] Installing temp_publisher script to /home/vboxuser/ros2_ws/src/install/my_robot_controller/lib/my_robot_controller
[1.210s] Installing test_node script to /home/vboxuser/ros2_ws/src/install/my_robot_controller/lib/my_robot_controller
[1.210s] 
[1.210s] Installed /home/vboxuser/ros2_ws/src/build/my_robot_controller
[1.210s] running symlink_data
[1.211s] symbolically linking /home/vboxuser/ros2_ws/src/build/my_robot_controller/resource/my_robot_controller -> /home/vboxuser/ros2_ws/src/install/my_robot_controller/share/ament_index/resource_index/packages
[1.211s] symbolically linking /home/vboxuser/ros2_ws/src/build/my_robot_controller/package.xml -> /home/vboxuser/ros2_ws/src/install/my_robot_controller/share/my_robot_controller
[1.244s] Invoked command in '/home/vboxuser/ros2_ws/src/build/my_robot_controller' returned '0': AMENT_PREFIX_PATH=/home/vboxuser/ros2_ws/src/install/my_robot_interfaces:${AMENT_PREFIX_PATH} CMAKE_PREFIX_PATH=/home/vboxuser/ros2_ws/src/install/my_robot_interfaces:${CMAKE_PREFIX_PATH} LD_LIBRARY_PATH=/home/vboxuser/ros2_ws/src/install/my_robot_interfaces/lib:${LD_LIBRARY_PATH} PYTHONPATH=/home/vboxuser/ros2_ws/src/build/my_robot_controller/prefix_override:/usr/lib/python3/dist-packages/colcon_core/task/python/colcon_distutils_commands:/home/vboxuser/ros2_ws/src/install/my_robot_controller/lib/python3.10/site-packages:/home/vboxuser/ros2_ws/src/install/my_robot_interfaces/local/lib/python3.10/dist-packages:${PYTHONPATH} /usr/bin/python3 -W ignore:setup.py install is deprecated setup.py develop --editable --build-directory /home/vboxuser/ros2_ws/src/build/my_robot_controller/build --no-deps symlink_data --force
