[1.052s] Invoking command in '/home/vboxuser/ros2_ws/src/my_robot_controller': PYTHONPATH=/home/vboxuser/ros2_ws/build/my_robot_controller/prefix_override:/usr/lib/python3/dist-packages/colcon_core/task/python/colcon_distutils_commands:/home/vboxuser/ros2_ws/install/my_robot_controller/lib/python3.10/site-packages:${PYTHONPATH} /usr/bin/python3 -W ignore:setup.py install is deprecated setup.py egg_info --egg-base ../../build/my_robot_controller build --build-base /home/vboxuser/ros2_ws/build/my_robot_controller/build install --record /home/vboxuser/ros2_ws/build/my_robot_controller/install.log --single-version-externally-managed install_data
[1.291s] running egg_info
[1.291s] creating ../../build/my_robot_controller/my_robot_controller.egg-info
[1.291s] writing ../../build/my_robot_controller/my_robot_controller.egg-info/PKG-INFO
[1.291s] writing dependency_links to ../../build/my_robot_controller/my_robot_controller.egg-info/dependency_links.txt
[1.299s] writing entry points to ../../build/my_robot_controller/my_robot_controller.egg-info/entry_points.txt
[1.300s] writing requirements to ../../build/my_robot_controller/my_robot_controller.egg-info/requires.txt
[1.300s] writing top-level names to ../../build/my_robot_controller/my_robot_controller.egg-info/top_level.txt
[1.300s] writing manifest file '../../build/my_robot_controller/my_robot_controller.egg-info/SOURCES.txt'
[1.300s] reading manifest file '../../build/my_robot_controller/my_robot_controller.egg-info/SOURCES.txt'
[1.300s] writing manifest file '../../build/my_robot_controller/my_robot_controller.egg-info/SOURCES.txt'
[1.300s] running build
[1.300s] running build_py
[1.300s] creating /home/vboxuser/ros2_ws/build/my_robot_controller/build
[1.300s] creating /home/vboxuser/ros2_ws/build/my_robot_controller/build/lib
[1.300s] creating /home/vboxuser/ros2_ws/build/my_robot_controller/build/lib/my_robot_controller
[1.300s] copying my_robot_controller/__init__.py -> /home/vboxuser/ros2_ws/build/my_robot_controller/build/lib/my_robot_controller
[1.300s] running install
[1.300s] running install_lib
[1.301s] creating /home/vboxuser/ros2_ws/install/my_robot_controller/lib/python3.10/site-packages/my_robot_controller
[1.301s] copying /home/vboxuser/ros2_ws/build/my_robot_controller/build/lib/my_robot_controller/__init__.py -> /home/vboxuser/ros2_ws/install/my_robot_controller/lib/python3.10/site-packages/my_robot_controller
[1.301s] byte-compiling /home/vboxuser/ros2_ws/install/my_robot_controller/lib/python3.10/site-packages/my_robot_controller/__init__.py to __init__.cpython-310.pyc
[1.301s] running install_data
[1.301s] creating /home/vboxuser/ros2_ws/install/my_robot_controller/share/ament_index
[1.301s] creating /home/vboxuser/ros2_ws/install/my_robot_controller/share/ament_index/resource_index
[1.301s] creating /home/vboxuser/ros2_ws/install/my_robot_controller/share/ament_index/resource_index/packages
[1.301s] copying resource/my_robot_controller -> /home/vboxuser/ros2_ws/install/my_robot_controller/share/ament_index/resource_index/packages
[1.301s] copying package.xml -> /home/vboxuser/ros2_ws/install/my_robot_controller/share/my_robot_controller
[1.301s] running install_egg_info
[1.302s] Copying ../../build/my_robot_controller/my_robot_controller.egg-info to /home/vboxuser/ros2_ws/install/my_robot_controller/lib/python3.10/site-packages/my_robot_controller-0.0.0-py3.10.egg-info
[1.302s] running install_scripts
[1.321s] writing list of installed files to '/home/vboxuser/ros2_ws/build/my_robot_controller/install.log'
[1.362s] Invoked command in '/home/vboxuser/ros2_ws/src/my_robot_controller' returned '0': PYTHONPATH=/home/vboxuser/ros2_ws/build/my_robot_controller/prefix_override:/usr/lib/python3/dist-packages/colcon_core/task/python/colcon_distutils_commands:/home/vboxuser/ros2_ws/install/my_robot_controller/lib/python3.10/site-packages:${PYTHONPATH} /usr/bin/python3 -W ignore:setup.py install is deprecated setup.py egg_info --egg-base ../../build/my_robot_controller build --build-base /home/vboxuser/ros2_ws/build/my_robot_controller/build install --record /home/vboxuser/ros2_ws/build/my_robot_controller/install.log --single-version-externally-managed install_data
