[0.937s] Invoking command in '/home/vboxuser/ros2_ws/src/my_robot_controller': PYTHONPATH=/home/vboxuser/ros2_ws/src/build/my_robot_controller/prefix_override:/usr/lib/python3/dist-packages/colcon_core/task/python/colcon_distutils_commands:/home/vboxuser/ros2_ws/src/install/my_robot_controller/lib/python3.10/site-packages:${PYTHONPATH} /usr/bin/python3 -W ignore:setup.py install is deprecated setup.py egg_info --egg-base ../build/my_robot_controller build --build-base /home/vboxuser/ros2_ws/src/build/my_robot_controller/build install --record /home/vboxuser/ros2_ws/src/build/my_robot_controller/install.log --single-version-externally-managed install_data
[1.211s] running egg_info
[1.213s] creating ../build/my_robot_controller/my_robot_controller.egg-info
[1.213s] writing ../build/my_robot_controller/my_robot_controller.egg-info/PKG-INFO
[1.213s] writing dependency_links to ../build/my_robot_controller/my_robot_controller.egg-info/dependency_links.txt
[1.214s] writing entry points to ../build/my_robot_controller/my_robot_controller.egg-info/entry_points.txt
[1.214s] writing requirements to ../build/my_robot_controller/my_robot_controller.egg-info/requires.txt
[1.214s] writing top-level names to ../build/my_robot_controller/my_robot_controller.egg-info/top_level.txt
[1.215s] writing manifest file '../build/my_robot_controller/my_robot_controller.egg-info/SOURCES.txt'
[1.216s] reading manifest file '../build/my_robot_controller/my_robot_controller.egg-info/SOURCES.txt'
[1.217s] writing manifest file '../build/my_robot_controller/my_robot_controller.egg-info/SOURCES.txt'
[1.218s] running build
[1.218s] running build_py
[1.220s] creating /home/vboxuser/ros2_ws/src/build/my_robot_controller/build
[1.220s] creating /home/vboxuser/ros2_ws/src/build/my_robot_controller/build/lib
[1.220s] creating /home/vboxuser/ros2_ws/src/build/my_robot_controller/build/lib/my_robot_controller
[1.220s] copying my_robot_controller/my_second_node.py -> /home/vboxuser/ros2_ws/src/build/my_robot_controller/build/lib/my_robot_controller
[1.220s] copying my_robot_controller/__init__.py -> /home/vboxuser/ros2_ws/src/build/my_robot_controller/build/lib/my_robot_controller
[1.220s] copying my_robot_controller/my_first_node.py -> /home/vboxuser/ros2_ws/src/build/my_robot_controller/build/lib/my_robot_controller
[1.220s] running install
[1.221s] running install_lib
[1.221s] creating /home/vboxuser/ros2_ws/src/install/my_robot_controller/lib/python3.10/site-packages/my_robot_controller
[1.221s] copying /home/vboxuser/ros2_ws/src/build/my_robot_controller/build/lib/my_robot_controller/my_second_node.py -> /home/vboxuser/ros2_ws/src/install/my_robot_controller/lib/python3.10/site-packages/my_robot_controller
[1.221s] copying /home/vboxuser/ros2_ws/src/build/my_robot_controller/build/lib/my_robot_controller/__init__.py -> /home/vboxuser/ros2_ws/src/install/my_robot_controller/lib/python3.10/site-packages/my_robot_controller
[1.221s] copying /home/vboxuser/ros2_ws/src/build/my_robot_controller/build/lib/my_robot_controller/my_first_node.py -> /home/vboxuser/ros2_ws/src/install/my_robot_controller/lib/python3.10/site-packages/my_robot_controller
[1.221s] byte-compiling /home/vboxuser/ros2_ws/src/install/my_robot_controller/lib/python3.10/site-packages/my_robot_controller/my_second_node.py to my_second_node.cpython-310.pyc
[1.221s] byte-compiling /home/vboxuser/ros2_ws/src/install/my_robot_controller/lib/python3.10/site-packages/my_robot_controller/__init__.py to __init__.cpython-310.pyc
[1.222s] byte-compiling /home/vboxuser/ros2_ws/src/install/my_robot_controller/lib/python3.10/site-packages/my_robot_controller/my_first_node.py to my_first_node.cpython-310.pyc
[1.222s] running install_data
[1.222s] creating /home/vboxuser/ros2_ws/src/install/my_robot_controller/share/ament_index
[1.223s] creating /home/vboxuser/ros2_ws/src/install/my_robot_controller/share/ament_index/resource_index
[1.223s] creating /home/vboxuser/ros2_ws/src/install/my_robot_controller/share/ament_index/resource_index/packages
[1.223s] copying resource/my_robot_controller -> /home/vboxuser/ros2_ws/src/install/my_robot_controller/share/ament_index/resource_index/packages
[1.223s] copying package.xml -> /home/vboxuser/ros2_ws/src/install/my_robot_controller/share/my_robot_controller
[1.223s] running install_egg_info
[1.225s] Copying ../build/my_robot_controller/my_robot_controller.egg-info to /home/vboxuser/ros2_ws/src/install/my_robot_controller/lib/python3.10/site-packages/my_robot_controller-0.0.0-py3.10.egg-info
[1.226s] running install_scripts
[1.249s] Installing draw_circle script to /home/vboxuser/ros2_ws/src/install/my_robot_controller/lib/my_robot_controller
[1.249s] Installing test_node script to /home/vboxuser/ros2_ws/src/install/my_robot_controller/lib/my_robot_controller
[1.249s] writing list of installed files to '/home/vboxuser/ros2_ws/src/build/my_robot_controller/install.log'
[1.279s] Invoked command in '/home/vboxuser/ros2_ws/src/my_robot_controller' returned '0': PYTHONPATH=/home/vboxuser/ros2_ws/src/build/my_robot_controller/prefix_override:/usr/lib/python3/dist-packages/colcon_core/task/python/colcon_distutils_commands:/home/vboxuser/ros2_ws/src/install/my_robot_controller/lib/python3.10/site-packages:${PYTHONPATH} /usr/bin/python3 -W ignore:setup.py install is deprecated setup.py egg_info --egg-base ../build/my_robot_controller build --build-base /home/vboxuser/ros2_ws/src/build/my_robot_controller/build install --record /home/vboxuser/ros2_ws/src/build/my_robot_controller/install.log --single-version-externally-managed install_data
