[0.057s] Invoking command in '/home/vboxuser/ros2_ws/src/build/my_robot_interfaces': CMAKE_PREFIX_PATH=${CMAKE_PREFIX_PATH}:/home/vboxuser/ros2_ws/install/my_robot_controller:/opt/ros/humble /usr/bin/cmake /home/vboxuser/ros2_ws/src/my_robot_interfaces -DCMAKE_INSTALL_PREFIX=/home/vboxuser/ros2_ws/src/install/my_robot_interfaces
[0.091s] -- Found ament_cmake: 1.3.10 (/opt/ros/humble/share/ament_cmake/cmake)
[0.281s] -- Override CMake install command with custom implementation using symlinks instead of copying resources
[0.288s] -- Found rosidl_default_generators: 1.2.0 (/opt/ros/humble/share/rosidl_default_generators/cmake)
[0.290s] -- Using all available rosidl_typesupport_c: rosidl_typesupport_fastrtps_c;rosidl_typesupport_introspection_c
[0.292s] -- Found rosidl_adapter: 3.1.5 (/opt/ros/humble/share/rosidl_adapter/cmake)
[0.452s] -- Using all available rosidl_typesupport_cpp: rosidl_typesupport_fastrtps_cpp;rosidl_typesupport_introspection_cpp
[0.891s] -- Found ament_cmake_ros: 0.10.0 (/opt/ros/humble/share/ament_cmake_ros/cmake)
[1.092s] -- Using all available rosidl_typesupport_c: rosidl_typesupport_fastrtps_c;rosidl_typesupport_introspection_c
[1.458s] -- Using all available rosidl_typesupport_cpp: rosidl_typesupport_fastrtps_cpp;rosidl_typesupport_introspection_cpp
[1.481s] -- Found python_cmake_module: 0.10.0 (/opt/ros/humble/share/python_cmake_module/cmake)
[1.505s] -- Using PYTHON_EXECUTABLE: /usr/bin/python3
[1.505s] -- Using PYTHON_INCLUDE_DIRS: /usr/include/python3.10
[1.505s] -- Using PYTHON_LIBRARIES: /usr/lib/x86_64-linux-gnu/libpython3.10.so
[1.529s] -- Configuring done
[1.680s] -- Generating done
[1.730s] -- Build files have been written to: /home/vboxuser/ros2_ws/src/build/my_robot_interfaces
[1.805s] Invoked command in '/home/vboxuser/ros2_ws/src/build/my_robot_interfaces' returned '0': CMAKE_PREFIX_PATH=${CMAKE_PREFIX_PATH}:/home/vboxuser/ros2_ws/install/my_robot_controller:/opt/ros/humble /usr/bin/cmake /home/vboxuser/ros2_ws/src/my_robot_interfaces -DCMAKE_INSTALL_PREFIX=/home/vboxuser/ros2_ws/src/install/my_robot_interfaces
[1.809s] Invoking command in '/home/vboxuser/ros2_ws/src/build/my_robot_interfaces': CMAKE_PREFIX_PATH=${CMAKE_PREFIX_PATH}:/home/vboxuser/ros2_ws/install/my_robot_controller:/opt/ros/humble /usr/bin/cmake --build /home/vboxuser/ros2_ws/src/build/my_robot_interfaces -- -j5 -l5
[1.928s] [35m[1mConsolidate compiler generated dependencies of target my_robot_interfaces__rosidl_generator_c[0m
[1.946s] [  9%] Built target my_robot_interfaces__rosidl_generator_c
[1.947s] [ 12%] Built target my_robot_interfaces__cpp
[2.049s] [ 12%] Built target ament_cmake_python_symlink_my_robot_interfaces
[2.054s] [35m[1mConsolidate compiler generated dependencies of target my_robot_interfaces__rosidl_typesupport_c[0m
[2.059s] [35m[1mConsolidate compiler generated dependencies of target my_robot_interfaces__rosidl_typesupport_fastrtps_cpp[0m
[2.059s] [35m[1mConsolidate compiler generated dependencies of target my_robot_interfaces__rosidl_typesupport_introspection_c[0m
[2.059s] [35m[1mConsolidate compiler generated dependencies of target my_robot_interfaces__rosidl_typesupport_introspection_cpp[0m
[2.157s] [ 22%] Built target my_robot_interfaces__rosidl_typesupport_introspection_c
[2.157s] [35m[1mConsolidate compiler generated dependencies of target my_robot_interfaces__rosidl_typesupport_cpp[0m
[2.209s] [ 32%] Built target my_robot_interfaces__rosidl_typesupport_c
[2.268s] [ 41%] Built target my_robot_interfaces__rosidl_typesupport_fastrtps_cpp
[2.401s] [ 51%] Built target my_robot_interfaces__rosidl_typesupport_introspection_cpp
[2.503s] [35m[1mConsolidate compiler generated dependencies of target my_robot_interfaces__rosidl_typesupport_fastrtps_c[0m
[2.513s] [ 61%] Built target my_robot_interfaces__rosidl_typesupport_cpp
[2.523s] [ 70%] Built target my_robot_interfaces__rosidl_typesupport_fastrtps_c
[2.572s] [ 70%] Built target my_robot_interfaces
[2.628s] [ 74%] Built target my_robot_interfaces__py
[2.658s] [35m[1mConsolidate compiler generated dependencies of target my_robot_interfaces__rosidl_generator_py[0m
[2.693s] [ 80%] Built target my_robot_interfaces__rosidl_generator_py
[2.793s] [35m[1mConsolidate compiler generated dependencies of target my_robot_interfaces__rosidl_typesupport_introspection_c__pyext[0m
[2.828s] [35m[1mConsolidate compiler generated dependencies of target my_robot_interfaces__rosidl_typesupport_fastrtps_c__pyext[0m
[2.828s] [35m[1mConsolidate compiler generated dependencies of target my_robot_interfaces__rosidl_typesupport_c__pyext[0m
[2.945s] [ 87%] Built target my_robot_interfaces__rosidl_typesupport_introspection_c__pyext
[2.946s] [ 93%] Built target my_robot_interfaces__rosidl_typesupport_c__pyext
[2.960s] [100%] Built target my_robot_interfaces__rosidl_typesupport_fastrtps_c__pyext
[3.017s] running egg_info
[3.018s] writing my_robot_interfaces.egg-info/PKG-INFO
[3.018s] writing dependency_links to my_robot_interfaces.egg-info/dependency_links.txt
[3.019s] writing top-level names to my_robot_interfaces.egg-info/top_level.txt
[3.022s] reading manifest file 'my_robot_interfaces.egg-info/SOURCES.txt'
[3.023s] writing manifest file 'my_robot_interfaces.egg-info/SOURCES.txt'
[3.058s] [100%] Built target ament_cmake_python_build_my_robot_interfaces_egg
[3.087s] Invoked command in '/home/vboxuser/ros2_ws/src/build/my_robot_interfaces' returned '0': CMAKE_PREFIX_PATH=${CMAKE_PREFIX_PATH}:/home/vboxuser/ros2_ws/install/my_robot_controller:/opt/ros/humble /usr/bin/cmake --build /home/vboxuser/ros2_ws/src/build/my_robot_interfaces -- -j5 -l5
[3.420s] Invoking command in '/home/vboxuser/ros2_ws/src/build/my_robot_interfaces': CMAKE_PREFIX_PATH=${CMAKE_PREFIX_PATH}:/home/vboxuser/ros2_ws/install/my_robot_controller:/opt/ros/humble /usr/bin/cmake --install /home/vboxuser/ros2_ws/src/build/my_robot_interfaces
[3.514s] -- Install configuration: ""
[3.514s] -- Execute custom install script
[3.514s] -- Up-to-date symlink: /home/vboxuser/ros2_ws/src/install/my_robot_interfaces/share/ament_index/resource_index/rosidl_interfaces/my_robot_interfaces
[3.514s] -- Up-to-date symlink: /home/vboxuser/ros2_ws/src/install/my_robot_interfaces/include/my_robot_interfaces/my_robot_interfaces/msg/detail/double_int__functions.h
[3.515s] -- Up-to-date symlink: /home/vboxuser/ros2_ws/src/install/my_robot_interfaces/include/my_robot_interfaces/my_robot_interfaces/msg/detail/double_int__struct.h
[3.515s] -- Up-to-date symlink: /home/vboxuser/ros2_ws/src/install/my_robot_interfaces/include/my_robot_interfaces/my_robot_interfaces/msg/detail/double_int__type_support.h
[3.516s] -- Up-to-date symlink: /home/vboxuser/ros2_ws/src/install/my_robot_interfaces/include/my_robot_interfaces/my_robot_interfaces/msg/double_int.h
[3.516s] -- Up-to-date symlink: /home/vboxuser/ros2_ws/src/install/my_robot_interfaces/include/my_robot_interfaces/my_robot_interfaces/msg/rosidl_generator_c__visibility_control.h
[3.516s] -- Up-to-date symlink: /home/vboxuser/ros2_ws/src/install/my_robot_interfaces/share/my_robot_interfaces/environment/library_path.sh
[3.518s] -- Up-to-date symlink: /home/vboxuser/ros2_ws/src/install/my_robot_interfaces/share/my_robot_interfaces/environment/library_path.dsv
[3.520s] -- Up-to-date symlink: /home/vboxuser/ros2_ws/src/install/my_robot_interfaces/include/my_robot_interfaces/my_robot_interfaces/msg/detail/double_int__rosidl_typesupport_fastrtps_c.h
[3.520s] -- Up-to-date symlink: /home/vboxuser/ros2_ws/src/install/my_robot_interfaces/include/my_robot_interfaces/my_robot_interfaces/msg/rosidl_typesupport_fastrtps_c__visibility_control.h
[3.520s] -- Up-to-date symlink: /home/vboxuser/ros2_ws/src/install/my_robot_interfaces/include/my_robot_interfaces/my_robot_interfaces/msg/detail/double_int__rosidl_typesupport_introspection_c.h
[3.520s] -- Up-to-date symlink: /home/vboxuser/ros2_ws/src/install/my_robot_interfaces/include/my_robot_interfaces/my_robot_interfaces/msg/rosidl_typesupport_introspection_c__visibility_control.h
[3.520s] -- Up-to-date symlink: /home/vboxuser/ros2_ws/src/install/my_robot_interfaces/include/my_robot_interfaces/my_robot_interfaces/msg/detail/double_int__builder.hpp
[3.520s] -- Up-to-date symlink: /home/vboxuser/ros2_ws/src/install/my_robot_interfaces/include/my_robot_interfaces/my_robot_interfaces/msg/detail/double_int__struct.hpp
[3.520s] -- Up-to-date symlink: /home/vboxuser/ros2_ws/src/install/my_robot_interfaces/include/my_robot_interfaces/my_robot_interfaces/msg/detail/double_int__traits.hpp
[3.520s] -- Up-to-date symlink: /home/vboxuser/ros2_ws/src/install/my_robot_interfaces/include/my_robot_interfaces/my_robot_interfaces/msg/double_int.hpp
[3.520s] -- Up-to-date symlink: /home/vboxuser/ros2_ws/src/install/my_robot_interfaces/include/my_robot_interfaces/my_robot_interfaces/msg/detail/double_int__rosidl_typesupport_fastrtps_cpp.hpp
[3.520s] -- Up-to-date symlink: /home/vboxuser/ros2_ws/src/install/my_robot_interfaces/include/my_robot_interfaces/my_robot_interfaces/msg/rosidl_typesupport_fastrtps_cpp__visibility_control.h
[3.521s] -- Up-to-date symlink: /home/vboxuser/ros2_ws/src/install/my_robot_interfaces/include/my_robot_interfaces/my_robot_interfaces/msg/detail/double_int__rosidl_typesupport_introspection_cpp.hpp
[3.522s] -- Up-to-date symlink: /home/vboxuser/ros2_ws/src/install/my_robot_interfaces/share/my_robot_interfaces/environment/pythonpath.sh
[3.523s] -- Up-to-date symlink: /home/vboxuser/ros2_ws/src/install/my_robot_interfaces/share/my_robot_interfaces/environment/pythonpath.dsv
[3.523s] -- Up-to-date symlink: /home/vboxuser/ros2_ws/src/install/my_robot_interfaces/local/lib/python3.10/dist-packages/my_robot_interfaces-0.0.0-py3.10.egg-info/PKG-INFO
[3.523s] -- Up-to-date symlink: /home/vboxuser/ros2_ws/src/install/my_robot_interfaces/local/lib/python3.10/dist-packages/my_robot_interfaces-0.0.0-py3.10.egg-info/SOURCES.txt
[3.524s] -- Up-to-date symlink: /home/vboxuser/ros2_ws/src/install/my_robot_interfaces/local/lib/python3.10/dist-packages/my_robot_interfaces-0.0.0-py3.10.egg-info/dependency_links.txt
[3.524s] -- Up-to-date symlink: /home/vboxuser/ros2_ws/src/install/my_robot_interfaces/local/lib/python3.10/dist-packages/my_robot_interfaces-0.0.0-py3.10.egg-info/top_level.txt
[3.524s] -- Up-to-date symlink: /home/vboxuser/ros2_ws/src/install/my_robot_interfaces/local/lib/python3.10/dist-packages/my_robot_interfaces/__init__.py
[3.524s] -- Up-to-date symlink: /home/vboxuser/ros2_ws/src/install/my_robot_interfaces/local/lib/python3.10/dist-packages/my_robot_interfaces/_my_robot_interfaces_s.ep.rosidl_typesupport_c.c
[3.525s] -- Up-to-date symlink: /home/vboxuser/ros2_ws/src/install/my_robot_interfaces/local/lib/python3.10/dist-packages/my_robot_interfaces/_my_robot_interfaces_s.ep.rosidl_typesupport_fastrtps_c.c
[3.525s] -- Up-to-date symlink: /home/vboxuser/ros2_ws/src/install/my_robot_interfaces/local/lib/python3.10/dist-packages/my_robot_interfaces/_my_robot_interfaces_s.ep.rosidl_typesupport_introspection_c.c
[3.525s] -- Up-to-date symlink: /home/vboxuser/ros2_ws/src/install/my_robot_interfaces/local/lib/python3.10/dist-packages/my_robot_interfaces/libmy_robot_interfaces__rosidl_generator_py.so
[3.526s] -- Up-to-date symlink: /home/vboxuser/ros2_ws/src/install/my_robot_interfaces/local/lib/python3.10/dist-packages/my_robot_interfaces/msg/__init__.py
[3.526s] -- Up-to-date symlink: /home/vboxuser/ros2_ws/src/install/my_robot_interfaces/local/lib/python3.10/dist-packages/my_robot_interfaces/msg/_double_int.py
[3.526s] -- Up-to-date symlink: /home/vboxuser/ros2_ws/src/install/my_robot_interfaces/local/lib/python3.10/dist-packages/my_robot_interfaces/msg/_double_int_s.c
[3.526s] -- Up-to-date symlink: /home/vboxuser/ros2_ws/src/install/my_robot_interfaces/local/lib/python3.10/dist-packages/my_robot_interfaces/my_robot_interfaces_s__rosidl_typesupport_c.cpython-310-x86_64-linux-gnu.so
[3.526s] -- Up-to-date symlink: /home/vboxuser/ros2_ws/src/install/my_robot_interfaces/local/lib/python3.10/dist-packages/my_robot_interfaces/my_robot_interfaces_s__rosidl_typesupport_fastrtps_c.cpython-310-x86_64-linux-gnu.so
[3.526s] -- Up-to-date symlink: /home/vboxuser/ros2_ws/src/install/my_robot_interfaces/local/lib/python3.10/dist-packages/my_robot_interfaces/my_robot_interfaces_s__rosidl_typesupport_introspection_c.cpython-310-x86_64-linux-gnu.so
[3.527s] -- Up-to-date symlink: /home/vboxuser/ros2_ws/src/install/my_robot_interfaces/local/lib/python3.10/dist-packages/my_robot_interfaces/my_robot_interfaces_s__rosidl_typesupport_fastrtps_c.cpython-310-x86_64-linux-gnu.so
[3.527s] -- Up-to-date symlink: /home/vboxuser/ros2_ws/src/install/my_robot_interfaces/local/lib/python3.10/dist-packages/my_robot_interfaces/my_robot_interfaces_s__rosidl_typesupport_introspection_c.cpython-310-x86_64-linux-gnu.so
[3.528s] -- Up-to-date symlink: /home/vboxuser/ros2_ws/src/install/my_robot_interfaces/local/lib/python3.10/dist-packages/my_robot_interfaces/my_robot_interfaces_s__rosidl_typesupport_c.cpython-310-x86_64-linux-gnu.so
[3.528s] -- Up-to-date symlink: /home/vboxuser/ros2_ws/src/install/my_robot_interfaces/share/my_robot_interfaces/msg/DoubleINT.idl
[3.530s] -- Up-to-date symlink: /home/vboxuser/ros2_ws/src/install/my_robot_interfaces/share/my_robot_interfaces/msg/DoubleINT.msg
[3.531s] -- Up-to-date symlink: /home/vboxuser/ros2_ws/src/install/my_robot_interfaces/share/ament_index/resource_index/package_run_dependencies/my_robot_interfaces
[3.531s] -- Up-to-date symlink: /home/vboxuser/ros2_ws/src/install/my_robot_interfaces/share/ament_index/resource_index/parent_prefix_path/my_robot_interfaces
[3.531s] -- Up-to-date symlink: /home/vboxuser/ros2_ws/src/install/my_robot_interfaces/share/my_robot_interfaces/environment/ament_prefix_path.sh
[3.531s] -- Up-to-date symlink: /home/vboxuser/ros2_ws/src/install/my_robot_interfaces/share/my_robot_interfaces/environment/ament_prefix_path.dsv
[3.531s] -- Up-to-date symlink: /home/vboxuser/ros2_ws/src/install/my_robot_interfaces/share/my_robot_interfaces/environment/path.sh
[3.531s] -- Up-to-date symlink: /home/vboxuser/ros2_ws/src/install/my_robot_interfaces/share/my_robot_interfaces/environment/path.dsv
[3.531s] -- Up-to-date symlink: /home/vboxuser/ros2_ws/src/install/my_robot_interfaces/share/my_robot_interfaces/local_setup.bash
[3.531s] -- Up-to-date symlink: /home/vboxuser/ros2_ws/src/install/my_robot_interfaces/share/my_robot_interfaces/local_setup.sh
[3.531s] -- Up-to-date symlink: /home/vboxuser/ros2_ws/src/install/my_robot_interfaces/share/my_robot_interfaces/local_setup.zsh
[3.531s] -- Up-to-date symlink: /home/vboxuser/ros2_ws/src/install/my_robot_interfaces/share/my_robot_interfaces/local_setup.dsv
[3.531s] -- Symlinking: /home/vboxuser/ros2_ws/src/install/my_robot_interfaces/share/my_robot_interfaces/package.dsv
[3.542s] -- Up-to-date symlink: /home/vboxuser/ros2_ws/src/install/my_robot_interfaces/share/ament_index/resource_index/packages/my_robot_interfaces
[3.543s] -- Up-to-date symlink: /home/vboxuser/ros2_ws/src/install/my_robot_interfaces/share/my_robot_interfaces/cmake/rosidl_cmake-extras.cmake
[3.543s] -- Up-to-date symlink: /home/vboxuser/ros2_ws/src/install/my_robot_interfaces/share/my_robot_interfaces/cmake/ament_cmake_export_include_directories-extras.cmake
[3.543s] -- Up-to-date symlink: /home/vboxuser/ros2_ws/src/install/my_robot_interfaces/share/my_robot_interfaces/cmake/ament_cmake_export_libraries-extras.cmake
[3.543s] -- Up-to-date symlink: /home/vboxuser/ros2_ws/src/install/my_robot_interfaces/share/my_robot_interfaces/cmake/ament_cmake_export_targets-extras.cmake
[3.544s] -- Up-to-date symlink: /home/vboxuser/ros2_ws/src/install/my_robot_interfaces/share/my_robot_interfaces/cmake/rosidl_cmake_export_typesupport_targets-extras.cmake
[3.544s] -- Up-to-date symlink: /home/vboxuser/ros2_ws/src/install/my_robot_interfaces/share/my_robot_interfaces/cmake/ament_cmake_export_dependencies-extras.cmake
[3.545s] -- Up-to-date symlink: /home/vboxuser/ros2_ws/src/install/my_robot_interfaces/share/my_robot_interfaces/cmake/rosidl_cmake_export_typesupport_libraries-extras.cmake
[3.545s] -- Up-to-date symlink: /home/vboxuser/ros2_ws/src/install/my_robot_interfaces/share/my_robot_interfaces/cmake/my_robot_interfacesConfig.cmake
[3.545s] -- Up-to-date symlink: /home/vboxuser/ros2_ws/src/install/my_robot_interfaces/share/my_robot_interfaces/cmake/my_robot_interfacesConfig-version.cmake
[3.545s] -- Up-to-date symlink: /home/vboxuser/ros2_ws/src/install/my_robot_interfaces/share/my_robot_interfaces/package.xml
[3.545s] -- Up-to-date: /home/vboxuser/ros2_ws/src/install/my_robot_interfaces/lib/libmy_robot_interfaces__rosidl_generator_c.so
[3.546s] -- Up-to-date: /home/vboxuser/ros2_ws/src/install/my_robot_interfaces/lib/libmy_robot_interfaces__rosidl_typesupport_fastrtps_c.so
[3.550s] -- Up-to-date: /home/vboxuser/ros2_ws/src/install/my_robot_interfaces/lib/libmy_robot_interfaces__rosidl_typesupport_introspection_c.so
[3.551s] -- Up-to-date: /home/vboxuser/ros2_ws/src/install/my_robot_interfaces/lib/libmy_robot_interfaces__rosidl_typesupport_c.so
[3.551s] -- Up-to-date: /home/vboxuser/ros2_ws/src/install/my_robot_interfaces/lib/libmy_robot_interfaces__rosidl_typesupport_fastrtps_cpp.so
[3.551s] -- Up-to-date: /home/vboxuser/ros2_ws/src/install/my_robot_interfaces/lib/libmy_robot_interfaces__rosidl_typesupport_introspection_cpp.so
[3.552s] -- Up-to-date: /home/vboxuser/ros2_ws/src/install/my_robot_interfaces/lib/libmy_robot_interfaces__rosidl_typesupport_cpp.so
[3.586s] Listing '/home/vboxuser/ros2_ws/src/install/my_robot_interfaces/local/lib/python3.10/dist-packages/my_robot_interfaces'...
[3.586s] Compiling '/home/vboxuser/ros2_ws/src/install/my_robot_interfaces/local/lib/python3.10/dist-packages/my_robot_interfaces/__init__.py'...
[3.586s] Listing '/home/vboxuser/ros2_ws/src/install/my_robot_interfaces/local/lib/python3.10/dist-packages/my_robot_interfaces/msg'...
[3.590s] -- Up-to-date: /home/vboxuser/ros2_ws/src/install/my_robot_interfaces/lib/libmy_robot_interfaces__rosidl_generator_py.so
[3.591s] -- Up-to-date: /home/vboxuser/ros2_ws/src/install/my_robot_interfaces/share/my_robot_interfaces/cmake/export_my_robot_interfaces__rosidl_generator_cExport.cmake
[3.591s] -- Up-to-date: /home/vboxuser/ros2_ws/src/install/my_robot_interfaces/share/my_robot_interfaces/cmake/export_my_robot_interfaces__rosidl_generator_cExport-noconfig.cmake
[3.592s] -- Up-to-date: /home/vboxuser/ros2_ws/src/install/my_robot_interfaces/share/my_robot_interfaces/cmake/export_my_robot_interfaces__rosidl_typesupport_fastrtps_cExport.cmake
[3.592s] -- Up-to-date: /home/vboxuser/ros2_ws/src/install/my_robot_interfaces/share/my_robot_interfaces/cmake/export_my_robot_interfaces__rosidl_typesupport_fastrtps_cExport-noconfig.cmake
[3.592s] -- Up-to-date: /home/vboxuser/ros2_ws/src/install/my_robot_interfaces/share/my_robot_interfaces/cmake/my_robot_interfaces__rosidl_typesupport_introspection_cExport.cmake
[3.592s] -- Up-to-date: /home/vboxuser/ros2_ws/src/install/my_robot_interfaces/share/my_robot_interfaces/cmake/my_robot_interfaces__rosidl_typesupport_introspection_cExport-noconfig.cmake
[3.593s] -- Up-to-date: /home/vboxuser/ros2_ws/src/install/my_robot_interfaces/share/my_robot_interfaces/cmake/my_robot_interfaces__rosidl_typesupport_cExport.cmake
[3.593s] -- Up-to-date: /home/vboxuser/ros2_ws/src/install/my_robot_interfaces/share/my_robot_interfaces/cmake/my_robot_interfaces__rosidl_typesupport_cExport-noconfig.cmake
[3.593s] -- Up-to-date: /home/vboxuser/ros2_ws/src/install/my_robot_interfaces/share/my_robot_interfaces/cmake/export_my_robot_interfaces__rosidl_generator_cppExport.cmake
[3.593s] -- Up-to-date: /home/vboxuser/ros2_ws/src/install/my_robot_interfaces/share/my_robot_interfaces/cmake/export_my_robot_interfaces__rosidl_typesupport_fastrtps_cppExport.cmake
[3.593s] -- Up-to-date: /home/vboxuser/ros2_ws/src/install/my_robot_interfaces/share/my_robot_interfaces/cmake/export_my_robot_interfaces__rosidl_typesupport_fastrtps_cppExport-noconfig.cmake
[3.593s] -- Up-to-date: /home/vboxuser/ros2_ws/src/install/my_robot_interfaces/share/my_robot_interfaces/cmake/my_robot_interfaces__rosidl_typesupport_introspection_cppExport.cmake
[3.594s] -- Up-to-date: /home/vboxuser/ros2_ws/src/install/my_robot_interfaces/share/my_robot_interfaces/cmake/my_robot_interfaces__rosidl_typesupport_introspection_cppExport-noconfig.cmake
[3.594s] -- Up-to-date: /home/vboxuser/ros2_ws/src/install/my_robot_interfaces/share/my_robot_interfaces/cmake/my_robot_interfaces__rosidl_typesupport_cppExport.cmake
[3.594s] -- Up-to-date: /home/vboxuser/ros2_ws/src/install/my_robot_interfaces/share/my_robot_interfaces/cmake/my_robot_interfaces__rosidl_typesupport_cppExport-noconfig.cmake
[3.594s] -- Up-to-date: /home/vboxuser/ros2_ws/src/install/my_robot_interfaces/share/my_robot_interfaces/cmake/export_my_robot_interfaces__rosidl_generator_pyExport.cmake
[3.594s] -- Up-to-date: /home/vboxuser/ros2_ws/src/install/my_robot_interfaces/share/my_robot_interfaces/cmake/export_my_robot_interfaces__rosidl_generator_pyExport-noconfig.cmake
[3.599s] Invoked command in '/home/vboxuser/ros2_ws/src/build/my_robot_interfaces' returned '0': CMAKE_PREFIX_PATH=${CMAKE_PREFIX_PATH}:/home/vboxuser/ros2_ws/install/my_robot_controller:/opt/ros/humble /usr/bin/cmake --install /home/vboxuser/ros2_ws/src/build/my_robot_interfaces
