[0.676s] Invoking command in '/home/vboxuser/ros2_ws/src/build/my_robot_controller': PYTHONPATH=/home/vboxuser/ros2_ws/src/build/my_robot_controller/prefix_override:/usr/lib/python3/dist-packages/colcon_core/task/python/colcon_distutils_commands:/home/vboxuser/ros2_ws/src/install/my_robot_controller/lib/python3.10/site-packages:${PYTHONPATH} /usr/bin/python3 -W ignore:setup.py install is deprecated setup.py develop --editable --build-directory /home/vboxuser/ros2_ws/src/build/my_robot_controller/build --no-deps symlink_data --force
[0.965s] running develop
[1.113s] running egg_info
[1.113s] writing my_robot_controller.egg-info/PKG-INFO
[1.115s] writing dependency_links to my_robot_controller.egg-info/dependency_links.txt
[1.116s] writing entry points to my_robot_controller.egg-info/entry_points.txt
[1.116s] writing requirements to my_robot_controller.egg-info/requires.txt
[1.116s] writing top-level names to my_robot_controller.egg-info/top_level.txt
[1.119s] reading manifest file 'my_robot_controller.egg-info/SOURCES.txt'
[1.135s] writing manifest file 'my_robot_controller.egg-info/SOURCES.txt'
[1.137s] running build_ext
[1.140s] Creating /home/vboxuser/ros2_ws/src/install/my_robot_controller/lib/python3.10/site-packages/my-robot-controller.egg-link (link to .)
[1.140s] Installing draw_circle script to /home/vboxuser/ros2_ws/src/install/my_robot_controller/lib/my_robot_controller
[1.140s] Installing test_node script to /home/vboxuser/ros2_ws/src/install/my_robot_controller/lib/my_robot_controller
[1.140s] 
[1.140s] Installed /home/vboxuser/ros2_ws/src/build/my_robot_controller
[1.140s] running symlink_data
[1.140s] symbolically linking /home/vboxuser/ros2_ws/src/build/my_robot_controller/resource/my_robot_controller -> /home/vboxuser/ros2_ws/src/install/my_robot_controller/share/ament_index/resource_index/packages
[1.157s] symbolically linking /home/vboxuser/ros2_ws/src/build/my_robot_controller/package.xml -> /home/vboxuser/ros2_ws/src/install/my_robot_controller/share/my_robot_controller
[1.192s] Invoked command in '/home/vboxuser/ros2_ws/src/build/my_robot_controller' returned '0': PYTHONPATH=/home/vboxuser/ros2_ws/src/build/my_robot_controller/prefix_override:/usr/lib/python3/dist-packages/colcon_core/task/python/colcon_distutils_commands:/home/vboxuser/ros2_ws/src/install/my_robot_controller/lib/python3.10/site-packages:${PYTHONPATH} /usr/bin/python3 -W ignore:setup.py install is deprecated setup.py develop --editable --build-directory /home/vboxuser/ros2_ws/src/build/my_robot_controller/build --no-deps symlink_data --force
