[0.711s] Invoking command in '/home/vboxuser/ros2_ws/src/my_robot_controller': PYTHONPATH=/home/vboxuser/ros2_ws/build/my_robot_controller/prefix_override:/usr/lib/python3/dist-packages/colcon_core/task/python/colcon_distutils_commands:/home/vboxuser/ros2_ws/install/my_robot_controller/lib/python3.10/site-packages:${PYTHONPATH} /usr/bin/python3 -W ignore:setup.py install is deprecated setup.py egg_info --egg-base ../../build/my_robot_controller build --build-base /home/vboxuser/ros2_ws/build/my_robot_controller/build install --record /home/vboxuser/ros2_ws/build/my_robot_controller/install.log --single-version-externally-managed install_data
[0.974s] running egg_info
[0.975s] writing ../../build/my_robot_controller/my_robot_controller.egg-info/PKG-INFO
[0.975s] writing dependency_links to ../../build/my_robot_controller/my_robot_controller.egg-info/dependency_links.txt
[0.977s] writing entry points to ../../build/my_robot_controller/my_robot_controller.egg-info/entry_points.txt
[0.977s] writing requirements to ../../build/my_robot_controller/my_robot_controller.egg-info/requires.txt
[0.977s] writing top-level names to ../../build/my_robot_controller/my_robot_controller.egg-info/top_level.txt
[0.979s] reading manifest file '../../build/my_robot_controller/my_robot_controller.egg-info/SOURCES.txt'
[0.981s] writing manifest file '../../build/my_robot_controller/my_robot_controller.egg-info/SOURCES.txt'
[0.981s] running build
[0.981s] running build_py
[0.981s] running install
[0.982s] running install_lib
[0.983s] running install_data
[0.983s] running install_egg_info
[0.985s] removing '/home/vboxuser/ros2_ws/install/my_robot_controller/lib/python3.10/site-packages/my_robot_controller-0.0.0-py3.10.egg-info' (and everything under it)
[0.987s] Copying ../../build/my_robot_controller/my_robot_controller.egg-info to /home/vboxuser/ros2_ws/install/my_robot_controller/lib/python3.10/site-packages/my_robot_controller-0.0.0-py3.10.egg-info
[0.988s] running install_scripts
[1.008s] Installing test_node script to /home/vboxuser/ros2_ws/install/my_robot_controller/lib/my_robot_controller
[1.009s] writing list of installed files to '/home/vboxuser/ros2_ws/build/my_robot_controller/install.log'
[1.032s] Invoked command in '/home/vboxuser/ros2_ws/src/my_robot_controller' returned '0': PYTHONPATH=/home/vboxuser/ros2_ws/build/my_robot_controller/prefix_override:/usr/lib/python3/dist-packages/colcon_core/task/python/colcon_distutils_commands:/home/vboxuser/ros2_ws/install/my_robot_controller/lib/python3.10/site-packages:${PYTHONPATH} /usr/bin/python3 -W ignore:setup.py install is deprecated setup.py egg_info --egg-base ../../build/my_robot_controller build --build-base /home/vboxuser/ros2_ws/build/my_robot_controller/build install --record /home/vboxuser/ros2_ws/build/my_robot_controller/install.log --single-version-externally-managed install_data
