/home/vboxuser/ros2_ws/src/install/my_robot_controller/lib/python3.10/site-packages/my_robot_controller/my_second_node.py
/home/vboxuser/ros2_ws/src/install/my_robot_controller/lib/python3.10/site-packages/my_robot_controller/__init__.py
/home/vboxuser/ros2_ws/src/install/my_robot_controller/lib/python3.10/site-packages/my_robot_controller/subscriber.py
/home/vboxuser/ros2_ws/src/install/my_robot_controller/lib/python3.10/site-packages/my_robot_controller/my_first_node.py
/home/vboxuser/ros2_ws/src/install/my_robot_controller/lib/python3.10/site-packages/my_robot_controller/__pycache__/my_second_node.cpython-310.pyc
/home/vboxuser/ros2_ws/src/install/my_robot_controller/lib/python3.10/site-packages/my_robot_controller/__pycache__/__init__.cpython-310.pyc
/home/vboxuser/ros2_ws/src/install/my_robot_controller/lib/python3.10/site-packages/my_robot_controller/__pycache__/subscriber.cpython-310.pyc
/home/vboxuser/ros2_ws/src/install/my_robot_controller/lib/python3.10/site-packages/my_robot_controller/__pycache__/my_first_node.cpython-310.pyc
/home/vboxuser/ros2_ws/src/install/my_robot_controller/share/ament_index/resource_index/packages/my_robot_controller
/home/vboxuser/ros2_ws/src/install/my_robot_controller/share/my_robot_controller/package.xml
/home/vboxuser/ros2_ws/src/install/my_robot_controller/lib/python3.10/site-packages/my_robot_controller-0.0.0-py3.10.egg-info/dependency_links.txt
/home/vboxuser/ros2_ws/src/install/my_robot_controller/lib/python3.10/site-packages/my_robot_controller-0.0.0-py3.10.egg-info/zip-safe
/home/vboxuser/ros2_ws/src/install/my_robot_controller/lib/python3.10/site-packages/my_robot_controller-0.0.0-py3.10.egg-info/SOURCES.txt
/home/vboxuser/ros2_ws/src/install/my_robot_controller/lib/python3.10/site-packages/my_robot_controller-0.0.0-py3.10.egg-info/entry_points.txt
/home/vboxuser/ros2_ws/src/install/my_robot_controller/lib/python3.10/site-packages/my_robot_controller-0.0.0-py3.10.egg-info/PKG-INFO
/home/vboxuser/ros2_ws/src/install/my_robot_controller/lib/python3.10/site-packages/my_robot_controller-0.0.0-py3.10.egg-info/top_level.txt
/home/vboxuser/ros2_ws/src/install/my_robot_controller/lib/python3.10/site-packages/my_robot_controller-0.0.0-py3.10.egg-info/requires.txt
/home/vboxuser/ros2_ws/src/install/my_robot_controller/lib/my_robot_controller/sub
/home/vboxuser/ros2_ws/src/install/my_robot_controller/lib/my_robot_controller/temp_publisher
/home/vboxuser/ros2_ws/src/install/my_robot_controller/lib/my_robot_controller/test_node
